<?xml version="1.0" encoding="UTF-8"?>
<coverage generated="1588035876594" clover="3.2.0">
  <project timestamp="1588035876594" name="All files">
    <metrics statements="41" coveredstatements="38" conditionals="20" coveredconditionals="17" methods="14" coveredmethods="14" elements="75" coveredelements="69" complexity="0" loc="41" ncloc="41" packages="2" files="3" classes="3"/>
    <package name="components">
      <metrics statements="40" coveredstatements="37" conditionals="20" coveredconditionals="17" methods="14" coveredmethods="14"/>
      <file name="StarRating.js" path="/Users/davisena/Projects/pessoal/AmComTeste/src/components/StarRating.js">
        <metrics statements="8" coveredstatements="8" conditionals="3" coveredconditionals="3" methods="1" coveredmethods="1"/>
        <line num="6" count="1" type="cond" truecount="1" falsecount="0"/>
        <line num="7" count="3" type="stmt"/>
        <line num="9" count="3" type="stmt"/>
        <line num="10" count="15" type="cond" truecount="2" falsecount="0"/>
        <line num="11" count="12" type="stmt"/>
        <line num="13" count="3" type="stmt"/>
        <line num="17" count="3" type="stmt"/>
        <line num="25" count="1" type="stmt"/>
      </file>
      <file name="UserCart.js" path="/Users/davisena/Projects/pessoal/AmComTeste/src/components/UserCart.js">
        <metrics statements="32" coveredstatements="29" conditionals="17" coveredconditionals="14" methods="13" coveredmethods="13"/>
        <line num="3" count="1" type="stmt"/>
        <line num="4" count="1" type="stmt"/>
        <line num="5" count="1" type="stmt"/>
        <line num="9" count="2" type="stmt"/>
        <line num="13" count="1" type="cond" truecount="1" falsecount="1"/>
        <line num="17" count="3" type="cond" truecount="2" falsecount="0"/>
        <line num="20" count="1" type="stmt"/>
        <line num="22" count="2" type="stmt"/>
        <line num="23" count="2" type="stmt"/>
        <line num="24" count="2" type="stmt"/>
        <line num="26" count="1" type="stmt"/>
        <line num="30" count="2" type="cond" truecount="2" falsecount="0"/>
        <line num="31" count="2" type="stmt"/>
        <line num="32" count="1" type="stmt"/>
        <line num="37" count="1" type="stmt"/>
        <line num="41" count="1" type="cond" truecount="1" falsecount="1"/>
        <line num="42" count="1" type="stmt"/>
        <line num="45" count="0" type="stmt"/>
        <line num="49" count="2" type="cond" truecount="1" falsecount="1"/>
        <line num="50" count="2" type="stmt"/>
        <line num="52" count="2" type="stmt"/>
        <line num="60" count="0" type="stmt"/>
        <line num="64" count="1" type="stmt"/>
        <line num="65" count="3" type="stmt"/>
        <line num="66" count="3" type="stmt"/>
        <line num="73" count="1" type="stmt"/>
        <line num="74" count="7" type="stmt"/>
        <line num="75" count="7" type="stmt"/>
        <line num="76" count="7" type="cond" truecount="2" falsecount="0"/>
        <line num="77" count="3" type="stmt"/>
        <line num="79" count="4" type="stmt"/>
        <line num="82" count="0" type="stmt"/>
      </file>
    </package>
    <package name="utils">
      <metrics statements="1" coveredstatements="1" conditionals="0" coveredconditionals="0" methods="0" coveredmethods="0"/>
      <file name="BrandColors.js" path="/Users/davisena/Projects/pessoal/AmComTeste/src/utils/BrandColors.js">
        <metrics statements="1" coveredstatements="1" conditionals="0" coveredconditionals="0" methods="0" coveredmethods="0"/>
        <line num="1" count="1" type="stmt"/>
      </file>
    </package>
  </project>
</coverage>
