{"/Users/davisena/Projects/pessoal/AmComTeste/src/components/StarRating.js": {"path":"/Users/davisena/Projects/pessoal/AmComTeste/src/components/StarRating.js","statementMap":{"0":{"start":{"line":6,"column":19},"end":{"line":23,"column":1}},"1":{"start":{"line":7,"column":14},"end":{"line":7,"column":16}},"2":{"start":{"line":9,"column":2},"end":{"line":15,"column":3}},"3":{"start":{"line":9,"column":18},"end":{"line":9,"column":19}},"4":{"start":{"line":10,"column":4},"end":{"line":14,"column":5}},"5":{"start":{"line":11,"column":6},"end":{"line":11,"column":75}},"6":{"start":{"line":13,"column":6},"end":{"line":13,"column":74}},"7":{"start":{"line":17,"column":2},"end":{"line":22,"column":4}},"8":{"start":{"line":25,"column":15},"end":{"line":36,"column":2}}},"fnMap":{"0":{"name":"(anonymous_0)","decl":{"start":{"line":6,"column":19},"end":{"line":6,"column":20}},"loc":{"start":{"line":6,"column":37},"end":{"line":23,"column":1}},"line":6}},"branchMap":{"0":{"loc":{"start":{"line":6,"column":21},"end":{"line":6,"column":31}},"type":"default-arg","locations":[{"start":{"line":6,"column":30},"end":{"line":6,"column":31}}],"line":6},"1":{"loc":{"start":{"line":10,"column":4},"end":{"line":14,"column":5}},"type":"if","locations":[{"start":{"line":10,"column":4},"end":{"line":14,"column":5}},{"start":{"line":10,"column":4},"end":{"line":14,"column":5}}],"line":10}},"s":{"0":1,"1":3,"2":3,"3":3,"4":15,"5":12,"6":3,"7":3,"8":1},"f":{"0":3},"b":{"0":[1],"1":[12,3]},"_coverageSchema":"1a1c01bbd47fc00a2c39e90264f33305004495a9","hash":"02e668e348f68bc333019b7c94df20045bd37cfb"}
,"/Users/davisena/Projects/pessoal/AmComTeste/src/components/UserCart.js": {"path":"/Users/davisena/Projects/pessoal/AmComTeste/src/components/UserCart.js","statementMap":{"0":{"start":{"line":3,"column":16},"end":{"line":3,"column":18}},"1":{"start":{"line":4,"column":23},"end":{"line":4,"column":39}},"2":{"start":{"line":5,"column":15},"end":{"line":5,"column":18}},"3":{"start":{"line":9,"column":4},"end":{"line":9,"column":21}},"4":{"start":{"line":13,"column":4},"end":{"line":13,"column":49}},"5":{"start":{"line":17,"column":4},"end":{"line":25,"column":5}},"6":{"start":{"line":20,"column":32},"end":{"line":20,"column":58}},"7":{"start":{"line":22,"column":6},"end":{"line":22,"column":30}},"8":{"start":{"line":23,"column":6},"end":{"line":23,"column":36}},"9":{"start":{"line":24,"column":6},"end":{"line":24,"column":18}},"10":{"start":{"line":26,"column":4},"end":{"line":26,"column":17}},"11":{"start":{"line":30,"column":4},"end":{"line":33,"column":5}},"12":{"start":{"line":31,"column":6},"end":{"line":31,"column":73}},"13":{"start":{"line":31,"column":45},"end":{"line":31,"column":71}},"14":{"start":{"line":32,"column":6},"end":{"line":32,"column":36}},"15":{"start":{"line":37,"column":4},"end":{"line":37,"column":19}},"16":{"start":{"line":41,"column":4},"end":{"line":43,"column":5}},"17":{"start":{"line":42,"column":6},"end":{"line":42,"column":65}},"18":{"start":{"line":42,"column":38},"end":{"line":42,"column":63}},"19":{"start":{"line":45,"column":4},"end":{"line":45,"column":17}},"20":{"start":{"line":49,"column":4},"end":{"line":61,"column":5}},"21":{"start":{"line":50,"column":6},"end":{"line":58,"column":8}},"22":{"start":{"line":52,"column":10},"end":{"line":56,"column":11}},"23":{"start":{"line":60,"column":6},"end":{"line":60,"column":15}},"24":{"start":{"line":64,"column":21},"end":{"line":71,"column":3}},"25":{"start":{"line":65,"column":4},"end":{"line":70,"column":18}},"26":{"start":{"line":66,"column":6},"end":{"line":69,"column":8}},"27":{"start":{"line":73,"column":19},"end":{"line":84,"column":3}},"28":{"start":{"line":74,"column":4},"end":{"line":83,"column":5}},"29":{"start":{"line":75,"column":20},"end":{"line":75,"column":71}},"30":{"start":{"line":76,"column":6},"end":{"line":80,"column":7}},"31":{"start":{"line":77,"column":8},"end":{"line":77,"column":33}},"32":{"start":{"line":79,"column":8},"end":{"line":79,"column":18}},"33":{"start":{"line":82,"column":6},"end":{"line":82,"column":21}}},"fnMap":{"0":{"name":"(anonymous_0)","decl":{"start":{"line":8,"column":2},"end":{"line":8,"column":3}},"loc":{"start":{"line":8,"column":25},"end":{"line":10,"column":3}},"line":8},"1":{"name":"(anonymous_1)","decl":{"start":{"line":12,"column":2},"end":{"line":12,"column":3}},"loc":{"start":{"line":12,"column":22},"end":{"line":14,"column":3}},"line":12},"2":{"name":"(anonymous_2)","decl":{"start":{"line":16,"column":2},"end":{"line":16,"column":3}},"loc":{"start":{"line":16,"column":29},"end":{"line":27,"column":3}},"line":16},"3":{"name":"(anonymous_3)","decl":{"start":{"line":20,"column":22},"end":{"line":20,"column":23}},"loc":{"start":{"line":20,"column":32},"end":{"line":20,"column":58}},"line":20},"4":{"name":"(anonymous_4)","decl":{"start":{"line":29,"column":2},"end":{"line":29,"column":3}},"loc":{"start":{"line":29,"column":32},"end":{"line":34,"column":3}},"line":29},"5":{"name":"(anonymous_5)","decl":{"start":{"line":31,"column":35},"end":{"line":31,"column":36}},"loc":{"start":{"line":31,"column":45},"end":{"line":31,"column":71}},"line":31},"6":{"name":"(anonymous_6)","decl":{"start":{"line":36,"column":2},"end":{"line":36,"column":3}},"loc":{"start":{"line":36,"column":25},"end":{"line":38,"column":3}},"line":36},"7":{"name":"(anonymous_7)","decl":{"start":{"line":40,"column":2},"end":{"line":40,"column":3}},"loc":{"start":{"line":40,"column":38},"end":{"line":46,"column":3}},"line":40},"8":{"name":"(anonymous_8)","decl":{"start":{"line":42,"column":28},"end":{"line":42,"column":29}},"loc":{"start":{"line":42,"column":38},"end":{"line":42,"column":63}},"line":42},"9":{"name":"(anonymous_9)","decl":{"start":{"line":48,"column":2},"end":{"line":48,"column":3}},"loc":{"start":{"line":48,"column":29},"end":{"line":62,"column":3}},"line":48},"10":{"name":"(anonymous_10)","decl":{"start":{"line":51,"column":8},"end":{"line":51,"column":9}},"loc":{"start":{"line":52,"column":10},"end":{"line":56,"column":11}},"line":52},"11":{"name":"(anonymous_11)","decl":{"start":{"line":64,"column":21},"end":{"line":64,"column":22}},"loc":{"start":{"line":64,"column":45},"end":{"line":71,"column":3}},"line":64},"12":{"name":"(anonymous_12)","decl":{"start":{"line":73,"column":19},"end":{"line":73,"column":20}},"loc":{"start":{"line":73,"column":31},"end":{"line":84,"column":3}},"line":73}},"branchMap":{"0":{"loc":{"start":{"line":13,"column":16},"end":{"line":13,"column":48}},"type":"binary-expr","locations":[{"start":{"line":13,"column":17},"end":{"line":13,"column":41}},{"start":{"line":13,"column":46},"end":{"line":13,"column":48}}],"line":13},"1":{"loc":{"start":{"line":17,"column":4},"end":{"line":25,"column":5}},"type":"if","locations":[{"start":{"line":17,"column":4},"end":{"line":25,"column":5}},{"start":{"line":17,"column":4},"end":{"line":25,"column":5}}],"line":17},"2":{"loc":{"start":{"line":18,"column":6},"end":{"line":20,"column":59}},"type":"binary-expr","locations":[{"start":{"line":18,"column":6},"end":{"line":18,"column":13}},{"start":{"line":19,"column":6},"end":{"line":19,"column":15}},{"start":{"line":20,"column":6},"end":{"line":20,"column":59}}],"line":18},"3":{"loc":{"start":{"line":30,"column":4},"end":{"line":33,"column":5}},"type":"if","locations":[{"start":{"line":30,"column":4},"end":{"line":33,"column":5}},{"start":{"line":30,"column":4},"end":{"line":33,"column":5}}],"line":30},"4":{"loc":{"start":{"line":41,"column":4},"end":{"line":43,"column":5}},"type":"if","locations":[{"start":{"line":41,"column":4},"end":{"line":43,"column":5}},{"start":{"line":41,"column":4},"end":{"line":43,"column":5}}],"line":41},"5":{"loc":{"start":{"line":49,"column":4},"end":{"line":61,"column":5}},"type":"if","locations":[{"start":{"line":49,"column":4},"end":{"line":61,"column":5}},{"start":{"line":49,"column":4},"end":{"line":61,"column":5}}],"line":49},"6":{"loc":{"start":{"line":54,"column":12},"end":{"line":55,"column":57}},"type":"binary-expr","locations":[{"start":{"line":54,"column":12},"end":{"line":54,"column":60}},{"start":{"line":55,"column":14},"end":{"line":55,"column":57}}],"line":54},"7":{"loc":{"start":{"line":76,"column":6},"end":{"line":80,"column":7}},"type":"if","locations":[{"start":{"line":76,"column":6},"end":{"line":80,"column":7}},{"start":{"line":76,"column":6},"end":{"line":80,"column":7}}],"line":76}},"s":{"0":1,"1":1,"2":1,"3":2,"4":1,"5":3,"6":1,"7":2,"8":2,"9":2,"10":1,"11":2,"12":1,"13":2,"14":1,"15":1,"16":1,"17":1,"18":1,"19":0,"20":2,"21":2,"22":2,"23":0,"24":1,"25":3,"26":3,"27":1,"28":7,"29":7,"30":7,"31":3,"32":4,"33":0},"f":{"0":2,"1":1,"2":3,"3":1,"4":2,"5":2,"6":1,"7":1,"8":1,"9":2,"10":2,"11":3,"12":7},"b":{"0":[1,0],"1":[2,1],"2":[3,2,2],"3":[1,1],"4":[1,0],"5":[2,0],"6":[2,1],"7":[3,4]},"_coverageSchema":"1a1c01bbd47fc00a2c39e90264f33305004495a9","hash":"39b4021fecd9150eddc0c4c5c53e1fd1321aa000"}
,"/Users/davisena/Projects/pessoal/AmComTeste/src/utils/BrandColors.js": {"path":"/Users/davisena/Projects/pessoal/AmComTeste/src/utils/BrandColors.js","statementMap":{"0":{"start":{"line":1,"column":20},"end":{"line":8,"column":1}}},"fnMap":{},"branchMap":{},"s":{"0":1},"f":{},"b":{},"_coverageSchema":"1a1c01bbd47fc00a2c39e90264f33305004495a9","hash":"772ae46be7702333b254410ba936aef9ef58b657"}
}
