TN:
SF:src/components/StarRating.js
FN:6,(anonymous_0)
FNF:1
FNH:1
FNDA:3,(anonymous_0)
DA:6,1
DA:7,3
DA:9,3
DA:10,15
DA:11,12
DA:13,3
DA:17,3
DA:25,1
LF:8
LH:8
BRDA:6,0,0,1
BRDA:10,1,0,12
BRDA:10,1,1,3
BRF:3
BRH:3
end_of_record
TN:
SF:src/components/UserCart.js
FN:8,(anonymous_0)
FN:12,(anonymous_1)
FN:16,(anonymous_2)
FN:20,(anonymous_3)
FN:29,(anonymous_4)
FN:31,(anonymous_5)
FN:36,(anonymous_6)
FN:40,(anonymous_7)
FN:42,(anonymous_8)
FN:48,(anonymous_9)
FN:51,(anonymous_10)
FN:64,(anonymous_11)
FN:73,(anonymous_12)
FNF:13
FNH:13
FNDA:2,(anonymous_0)
FNDA:1,(anonymous_1)
FNDA:3,(anonymous_2)
FNDA:1,(anonymous_3)
FNDA:2,(anonymous_4)
FNDA:2,(anonymous_5)
FNDA:1,(anonymous_6)
FNDA:1,(anonymous_7)
FNDA:1,(anonymous_8)
FNDA:2,(anonymous_9)
FNDA:2,(anonymous_10)
FNDA:3,(anonymous_11)
FNDA:7,(anonymous_12)
DA:3,1
DA:4,1
DA:5,1
DA:9,2
DA:13,1
DA:17,3
DA:20,1
DA:22,2
DA:23,2
DA:24,2
DA:26,1
DA:30,2
DA:31,2
DA:32,1
DA:37,1
DA:41,1
DA:42,1
DA:45,0
DA:49,2
DA:50,2
DA:52,2
DA:60,0
DA:64,1
DA:65,3
DA:66,3
DA:73,1
DA:74,7
DA:75,7
DA:76,7
DA:77,3
DA:79,4
DA:82,0
LF:32
LH:29
BRDA:13,0,0,1
BRDA:13,0,1,0
BRDA:17,1,0,2
BRDA:17,1,1,1
BRDA:18,2,0,3
BRDA:18,2,1,2
BRDA:18,2,2,2
BRDA:30,3,0,1
BRDA:30,3,1,1
BRDA:41,4,0,1
BRDA:41,4,1,0
BRDA:49,5,0,2
BRDA:49,5,1,0
BRDA:54,6,0,2
BRDA:54,6,1,1
BRDA:76,7,0,3
BRDA:76,7,1,4
BRF:17
BRH:14
end_of_record
TN:
SF:src/utils/BrandColors.js
FNF:0
FNH:0
DA:1,1
LF:1
LH:1
BRF:0
BRH:0
end_of_record
